<?xml version="1.0" encoding="UTF-8"?>
<testsuite xmlns:xsi="http://www.w3.org/2001/XMLSchema-instance" xsi:noNamespaceSchemaLocation="https://maven.apache.org/surefire/maven-surefire-plugin/xsd/surefire-test-report.xsd" name="ListRemoveTest" time="0.858" tests="120" errors="0" skipped="0" failures="0">
  <properties>
[...]
</properties>
  <testcase name="emptySizeTest{int}[1]" classname="ListRemoveTest" time="0.037"/>
  <testcase name="emptySizeTest{int}[2]" classname="ListRemoveTest" time="0.001"/>
  <testcase name="emptySizeTest{int}[3]" classname="ListRemoveTest" time="0"/>
  <testcase name="emptySizeTest{int}[4]" classname="ListRemoveTest" time="0.001"/>
  <testcase name="emptySizeTest{int}[5]" classname="ListRemoveTest" time="0"/>
  <testcase name="emptySizeTest{int}[6]" classname="ListRemoveTest" time="0.002"/>
  <testcase name="emptySizeTest{int}[7]" classname="ListRemoveTest" time="0.001"/>
  <testcase name="emptySizeTest{int}[8]" classname="ListRemoveTest" time="0.001"/>
  <testcase name="emptySizeTest{int}[9]" classname="ListRemoveTest" time="0.001"/>
  <testcase name="emptySizeTest{int}[10]" classname="ListRemoveTest" time="0.006"/>
  <testcase name="emptySizeTest{int}[11]" classname="ListRemoveTest" time="0.001"/>
  <testcase name="emptySizeTest{int}[12]" classname="ListRemoveTest" time="0.003"/>
  <testcase name="removeInsertSizeTestNeg{int}[1]" classname="ListRemoveTest" time="0.004"/>
  <testcase name="removeInsertSizeTestNeg{int}[2]" classname="ListRemoveTest" time="0"/>
  <testcase name="removeInsertSizeTestNeg{int}[3]" classname="ListRemoveTest" time="0.003"/>
  <testcase name="removeInsertSizeTestNeg{int}[4]" classname="ListRemoveTest" time="0.002"/>
  <testcase name="removeInsertSizeTestNeg{int}[5]" classname="ListRemoveTest" time="0"/>
  <testcase name="removeInsertSizeTestNeg{int}[6]" classname="ListRemoveTest" time="0.004"/>
  <testcase name="removeInsertSizeTestNeg{int}[7]" classname="ListRemoveTest" time="0.003"/>
  <testcase name="removeInsertSizeTestNeg{int}[8]" classname="ListRemoveTest" time="0.002"/>
  <testcase name="removeInsertSizeTestNeg{int}[9]" classname="ListRemoveTest" time="0.003"/>
  <testcase name="removeInsertSizeTestNeg{int}[10]" classname="ListRemoveTest" time="0.038"/>
  <testcase name="removeInsertSizeTestNeg{int}[11]" classname="ListRemoveTest" time="0.012"/>
  <testcase name="removeInsertSizeTestNeg{int}[12]" classname="ListRemoveTest" time="0.036"/>
  <testcase name="removeInsertSizeTest{int}[1]" classname="ListRemoveTest" time="0.001"/>
  <testcase name="removeInsertSizeTest{int}[2]" classname="ListRemoveTest" time="0.001"/>
  <testcase name="removeInsertSizeTest{int}[3]" classname="ListRemoveTest" time="0.001"/>
  <testcase name="removeInsertSizeTest{int}[4]" classname="ListRemoveTest" time="0.001"/>
  <testcase name="removeInsertSizeTest{int}[5]" classname="ListRemoveTest" time="0"/>
  <testcase name="removeInsertSizeTest{int}[6]" classname="ListRemoveTest" time="0.001"/>
  <testcase name="removeInsertSizeTest{int}[7]" classname="ListRemoveTest" time="0.002"/>
  <testcase name="removeInsertSizeTest{int}[8]" classname="ListRemoveTest" time="0.001"/>
  <testcase name="removeInsertSizeTest{int}[9]" classname="ListRemoveTest" time="0"/>
  <testcase name="removeInsertSizeTest{int}[10]" classname="ListRemoveTest" time="0.008"/>
  <testcase name="removeInsertSizeTest{int}[11]" classname="ListRemoveTest" time="0.008"/>
  <testcase name="removeInsertSizeTest{int}[12]" classname="ListRemoveTest" time="0.044"/>
  <testcase name="removeLookup{int}[1]" classname="ListRemoveTest" time="0.002"/>
  <testcase name="removeLookup{int}[2]" classname="ListRemoveTest" time="0.001"/>
  <testcase name="removeLookup{int}[3]" classname="ListRemoveTest" time="0.003"/>
  <testcase name="removeLookup{int}[4]" classname="ListRemoveTest" time="0"/>
  <testcase name="removeLookup{int}[5]" classname="ListRemoveTest" time="0.001"/>
  <testcase name="removeLookup{int}[6]" classname="ListRemoveTest" time="0.001"/>
  <testcase name="removeLookup{int}[7]" classname="ListRemoveTest" time="0.002"/>
  <testcase name="removeLookup{int}[8]" classname="ListRemoveTest" time="0.002"/>
  <testcase name="removeLookup{int}[9]" classname="ListRemoveTest" time="0.002"/>
  <testcase name="removeLookup{int}[10]" classname="ListRemoveTest" time="0.018"/>
  <testcase name="removeLookup{int}[11]" classname="ListRemoveTest" time="0.006"/>
  <testcase name="removeLookup{int}[12]" classname="ListRemoveTest" time="0.021"/>
  <testcase name="removeLookupNeg{int}[1]" classname="ListRemoveTest" time="0.001"/>
  <testcase name="removeLookupNeg{int}[2]" classname="ListRemoveTest" time="0.003"/>
  <testcase name="removeLookupNeg{int}[3]" classname="ListRemoveTest" time="0.001"/>
  <testcase name="removeLookupNeg{int}[4]" classname="ListRemoveTest" time="0.004"/>
  <testcase name="removeLookupNeg{int}[5]" classname="ListRemoveTest" time="0.002"/>
  <testcase name="removeLookupNeg{int}[6]" classname="ListRemoveTest" time="0.001"/>
  <testcase name="removeLookupNeg{int}[7]" classname="ListRemoveTest" time="0.001"/>
  <testcase name="removeLookupNeg{int}[8]" classname="ListRemoveTest" time="0.001"/>
  <testcase name="removeLookupNeg{int}[9]" classname="ListRemoveTest" time="0.001"/>
  <testcase name="removeLookupNeg{int}[10]" classname="ListRemoveTest" time="0.022"/>
  <testcase name="removeLookupNeg{int}[11]" classname="ListRemoveTest" time="0.006"/>
  <testcase name="removeLookupNeg{int}[12]" classname="ListRemoveTest" time="0.019"/>
  <testcase name="removeNotThrowTestNeg{int}[1]" classname="ListRemoveTest" time="0.002"/>
  <testcase name="removeNotThrowTestNeg{int}[2]" classname="ListRemoveTest" time="0.001"/>
  <testcase name="removeNotThrowTestNeg{int}[3]" classname="ListRemoveTest" time="0.001"/>
  <testcase name="removeNotThrowTestNeg{int}[4]" classname="ListRemoveTest" time="0.001"/>
  <testcase name="removeNotThrowTestNeg{int}[5]" classname="ListRemoveTest" time="0"/>
  <testcase name="removeNotThrowTestNeg{int}[6]" classname="ListRemoveTest" time="0.001"/>
  <testcase name="removeNotThrowTestNeg{int}[7]" classname="ListRemoveTest" time="0.001"/>
  <testcase name="removeNotThrowTestNeg{int}[8]" classname="ListRemoveTest" time="0.001"/>
  <testcase name="removeNotThrowTestNeg{int}[9]" classname="ListRemoveTest" time="0.001"/>
  <testcase name="removeNotThrowTestNeg{int}[10]" classname="ListRemoveTest" time="0.007"/>
  <testcase name="removeNotThrowTestNeg{int}[11]" classname="ListRemoveTest" time="0.007"/>
  <testcase name="removeNotThrowTestNeg{int}[12]" classname="ListRemoveTest" time="0.025"/>
  <testcase name="removeSizeTest{int}[1]" classname="ListRemoveTest" time="0.002"/>
  <testcase name="removeSizeTest{int}[2]" classname="ListRemoveTest" time="0.001"/>
  <testcase name="removeSizeTest{int}[3]" classname="ListRemoveTest" time="0.001"/>
  <testcase name="removeSizeTest{int}[4]" classname="ListRemoveTest" time="0.002"/>
  <testcase name="removeSizeTest{int}[5]" classname="ListRemoveTest" time="0.003"/>
  <testcase name="removeSizeTest{int}[6]" classname="ListRemoveTest" time="0.001"/>
  <testcase name="removeSizeTest{int}[7]" classname="ListRemoveTest" time="0.001"/>
  <testcase name="removeSizeTest{int}[8]" classname="ListRemoveTest" time="0.001"/>
  <testcase name="removeSizeTest{int}[9]" classname="ListRemoveTest" time="0.001"/>
  <testcase name="removeSizeTest{int}[10]" classname="ListRemoveTest" time="0.009"/>
  <testcase name="removeSizeTest{int}[11]" classname="ListRemoveTest" time="0.011"/>
  <testcase name="removeSizeTest{int}[12]" classname="ListRemoveTest" time="0.05"/>
  <testcase name="removeAllTest{int}[1]" classname="ListRemoveTest" time="0.004"/>
  <testcase name="removeAllTest{int}[2]" classname="ListRemoveTest" time="0.002"/>
  <testcase name="removeAllTest{int}[3]" classname="ListRemoveTest" time="0.005"/>
  <testcase name="removeAllTest{int}[4]" classname="ListRemoveTest" time="0.003"/>
  <testcase name="removeAllTest{int}[5]" classname="ListRemoveTest" time="0.004"/>
  <testcase name="removeAllTest{int}[6]" classname="ListRemoveTest" time="0.002"/>
  <testcase name="removeAllTest{int}[7]" classname="ListRemoveTest" time="0.003"/>
  <testcase name="removeAllTest{int}[8]" classname="ListRemoveTest" time="0.002"/>
  <testcase name="removeAllTest{int}[9]" classname="ListRemoveTest" time="0.002"/>
  <testcase name="removeAllTest{int}[10]" classname="ListRemoveTest" time="0.011"/>
  <testcase name="removeAllTest{int}[11]" classname="ListRemoveTest" time="0.011"/>
  <testcase name="removeAllTest{int}[12]" classname="ListRemoveTest" time="0.035"/>
  <testcase name="removeSizeTestNeg{int}[1]" classname="ListRemoveTest" time="0"/>
  <testcase name="removeSizeTestNeg{int}[2]" classname="ListRemoveTest" time="0.001"/>
  <testcase name="removeSizeTestNeg{int}[3]" classname="ListRemoveTest" time="0.001"/>
  <testcase name="removeSizeTestNeg{int}[4]" classname="ListRemoveTest" time="0.001"/>
  <testcase name="removeSizeTestNeg{int}[5]" classname="ListRemoveTest" time="0.001"/>
  <testcase name="removeSizeTestNeg{int}[6]" classname="ListRemoveTest" time="0"/>
  <testcase name="removeSizeTestNeg{int}[7]" classname="ListRemoveTest" time="0.004"/>
  <testcase name="removeSizeTestNeg{int}[8]" classname="ListRemoveTest" time="0.001"/>
  <testcase name="removeSizeTestNeg{int}[9]" classname="ListRemoveTest" time="0.004"/>
  <testcase name="removeSizeTestNeg{int}[10]" classname="ListRemoveTest" time="0.011"/>
  <testcase name="removeSizeTestNeg{int}[11]" classname="ListRemoveTest" time="0.008"/>
  <testcase name="removeSizeTestNeg{int}[12]" classname="ListRemoveTest" time="0.037"/>
  <testcase name="removeNotThrowTest{int}[1]" classname="ListRemoveTest" time="0.001"/>
  <testcase name="removeNotThrowTest{int}[2]" classname="ListRemoveTest" time="0.001"/>
  <testcase name="removeNotThrowTest{int}[3]" classname="ListRemoveTest" time="0"/>
  <testcase name="removeNotThrowTest{int}[4]" classname="ListRemoveTest" time="0.001"/>
  <testcase name="removeNotThrowTest{int}[5]" classname="ListRemoveTest" time="0"/>
  <testcase name="removeNotThrowTest{int}[6]" classname="ListRemoveTest" time="0.001"/>
  <testcase name="removeNotThrowTest{int}[7]" classname="ListRemoveTest" time="0"/>
  <testcase name="removeNotThrowTest{int}[8]" classname="ListRemoveTest" time="0.001"/>
  <testcase name="removeNotThrowTest{int}[9]" classname="ListRemoveTest" time="0.002"/>
  <testcase name="removeNotThrowTest{int}[10]" classname="ListRemoveTest" time="0.004"/>
  <testcase name="removeNotThrowTest{int}[11]" classname="ListRemoveTest" time="0.021"/>
  <testcase name="removeNotThrowTest{int}[12]" classname="ListRemoveTest" time="0.025"/>
</testsuite>