<?xml version="1.0" encoding="UTF-8"?>
<testsuite xmlns:xsi="http://www.w3.org/2001/XMLSchema-instance" xsi:noNamespaceSchemaLocation="https://maven.apache.org/surefire/maven-surefire-plugin/xsd/surefire-test-report.xsd" name="ListInsertTest" time="0.461" tests="72" errors="0" skipped="0" failures="0">
  <properties>
[...]
</properties>
  <testcase name="insertNotThrowTestNeg{int}[1]" classname="ListInsertTest" time="0.035"/>
  <testcase name="insertNotThrowTestNeg{int}[2]" classname="ListInsertTest" time="0.002"/>
  <testcase name="insertNotThrowTestNeg{int}[3]" classname="ListInsertTest" time="0.004"/>
  <testcase name="insertNotThrowTestNeg{int}[4]" classname="ListInsertTest" time="0.001"/>
  <testcase name="insertNotThrowTestNeg{int}[5]" classname="ListInsertTest" time="0.001"/>
  <testcase name="insertNotThrowTestNeg{int}[6]" classname="ListInsertTest" time="0.004"/>
  <testcase name="insertNotThrowTestNeg{int}[7]" classname="ListInsertTest" time="0.002"/>
  <testcase name="insertNotThrowTestNeg{int}[8]" classname="ListInsertTest" time="0.003"/>
  <testcase name="insertNotThrowTestNeg{int}[9]" classname="ListInsertTest" time="0.001"/>
  <testcase name="insertNotThrowTestNeg{int}[10]" classname="ListInsertTest" time="0.026"/>
  <testcase name="insertNotThrowTestNeg{int}[11]" classname="ListInsertTest" time="0.004"/>
  <testcase name="insertNotThrowTestNeg{int}[12]" classname="ListInsertTest" time="0.015"/>
  <testcase name="insertedTestNeg{int}[1]" classname="ListInsertTest" time="0.003"/>
  <testcase name="insertedTestNeg{int}[2]" classname="ListInsertTest" time="0.001"/>
  <testcase name="insertedTestNeg{int}[3]" classname="ListInsertTest" time="0"/>
  <testcase name="insertedTestNeg{int}[4]" classname="ListInsertTest" time="0.004"/>
  <testcase name="insertedTestNeg{int}[5]" classname="ListInsertTest" time="0.003"/>
  <testcase name="insertedTestNeg{int}[6]" classname="ListInsertTest" time="0.003"/>
  <testcase name="insertedTestNeg{int}[7]" classname="ListInsertTest" time="0.001"/>
  <testcase name="insertedTestNeg{int}[8]" classname="ListInsertTest" time="0.001"/>
  <testcase name="insertedTestNeg{int}[9]" classname="ListInsertTest" time="0"/>
  <testcase name="insertedTestNeg{int}[10]" classname="ListInsertTest" time="0.006"/>
  <testcase name="insertedTestNeg{int}[11]" classname="ListInsertTest" time="0.005"/>
  <testcase name="insertedTestNeg{int}[12]" classname="ListInsertTest" time="0.02"/>
  <testcase name="insertedTest{int}[1]" classname="ListInsertTest" time="0.001"/>
  <testcase name="insertedTest{int}[2]" classname="ListInsertTest" time="0.001"/>
  <testcase name="insertedTest{int}[3]" classname="ListInsertTest" time="0"/>
  <testcase name="insertedTest{int}[4]" classname="ListInsertTest" time="0.004"/>
  <testcase name="insertedTest{int}[5]" classname="ListInsertTest" time="0"/>
  <testcase name="insertedTest{int}[6]" classname="ListInsertTest" time="0.001"/>
  <testcase name="insertedTest{int}[7]" classname="ListInsertTest" time="0.001"/>
  <testcase name="insertedTest{int}[8]" classname="ListInsertTest" time="0.001"/>
  <testcase name="insertedTest{int}[9]" classname="ListInsertTest" time="0.001"/>
  <testcase name="insertedTest{int}[10]" classname="ListInsertTest" time="0.004"/>
  <testcase name="insertedTest{int}[11]" classname="ListInsertTest" time="0.004"/>
  <testcase name="insertedTest{int}[12]" classname="ListInsertTest" time="0.017"/>
  <testcase name="insertedAllTest{int}[1]" classname="ListInsertTest" time="0.001"/>
  <testcase name="insertedAllTest{int}[2]" classname="ListInsertTest" time="0.002"/>
  <testcase name="insertedAllTest{int}[3]" classname="ListInsertTest" time="0"/>
  <testcase name="insertedAllTest{int}[4]" classname="ListInsertTest" time="0.01"/>
  <testcase name="insertedAllTest{int}[5]" classname="ListInsertTest" time="0.001"/>
  <testcase name="insertedAllTest{int}[6]" classname="ListInsertTest" time="0.003"/>
  <testcase name="insertedAllTest{int}[7]" classname="ListInsertTest" time="0.002"/>
  <testcase name="insertedAllTest{int}[8]" classname="ListInsertTest" time="0"/>
  <testcase name="insertedAllTest{int}[9]" classname="ListInsertTest" time="0"/>
  <testcase name="insertedAllTest{int}[10]" classname="ListInsertTest" time="0.008"/>
  <testcase name="insertedAllTest{int}[11]" classname="ListInsertTest" time="0.008"/>
  <testcase name="insertedAllTest{int}[12]" classname="ListInsertTest" time="0.019"/>
  <testcase name="insertedAllTestNeg{int}[1]" classname="ListInsertTest" time="0.001"/>
  <testcase name="insertedAllTestNeg{int}[2]" classname="ListInsertTest" time="0.001"/>
  <testcase name="insertedAllTestNeg{int}[3]" classname="ListInsertTest" time="0.001"/>
  <testcase name="insertedAllTestNeg{int}[4]" classname="ListInsertTest" time="0.001"/>
  <testcase name="insertedAllTestNeg{int}[5]" classname="ListInsertTest" time="0.001"/>
  <testcase name="insertedAllTestNeg{int}[6]" classname="ListInsertTest" time="0.002"/>
  <testcase name="insertedAllTestNeg{int}[7]" classname="ListInsertTest" time="0.002"/>
  <testcase name="insertedAllTestNeg{int}[8]" classname="ListInsertTest" time="0.001"/>
  <testcase name="insertedAllTestNeg{int}[9]" classname="ListInsertTest" time="0.003"/>
  <testcase name="insertedAllTestNeg{int}[10]" classname="ListInsertTest" time="0.005"/>
  <testcase name="insertedAllTestNeg{int}[11]" classname="ListInsertTest" time="0.004"/>
  <testcase name="insertedAllTestNeg{int}[12]" classname="ListInsertTest" time="0.033"/>
  <testcase name="insertNotThrowTest{int}[1]" classname="ListInsertTest" time="0.001"/>
  <testcase name="insertNotThrowTest{int}[2]" classname="ListInsertTest" time="0"/>
  <testcase name="insertNotThrowTest{int}[3]" classname="ListInsertTest" time="0"/>
  <testcase name="insertNotThrowTest{int}[4]" classname="ListInsertTest" time="0"/>
  <testcase name="insertNotThrowTest{int}[5]" classname="ListInsertTest" time="0.001"/>
  <testcase name="insertNotThrowTest{int}[6]" classname="ListInsertTest" time="0"/>
  <testcase name="insertNotThrowTest{int}[7]" classname="ListInsertTest" time="0.001"/>
  <testcase name="insertNotThrowTest{int}[8]" classname="ListInsertTest" time="0.001"/>
  <testcase name="insertNotThrowTest{int}[9]" classname="ListInsertTest" time="0.001"/>
  <testcase name="insertNotThrowTest{int}[10]" classname="ListInsertTest" time="0.004"/>
  <testcase name="insertNotThrowTest{int}[11]" classname="ListInsertTest" time="0.004"/>
  <testcase name="insertNotThrowTest{int}[12]" classname="ListInsertTest" time="0.026"/>
</testsuite>