<?xml version="1.0" encoding="UTF-8"?>
<testsuite xmlns:xsi="http://www.w3.org/2001/XMLSchema-instance" xsi:noNamespaceSchemaLocation="https://maven.apache.org/surefire/maven-surefire-plugin/xsd/surefire-test-report.xsd" name="ListInsertRemoveLookupTest" time="1.267" tests="120" errors="0" skipped="0" failures="0">
  <properties>
[...]
</properties>
  <testcase name="emptySizeTest{int}[1]" classname="ListInsertRemoveLookupTest" time="0"/>
  <testcase name="emptySizeTest{int}[2]" classname="ListInsertRemoveLookupTest" time="0"/>
  <testcase name="emptySizeTest{int}[3]" classname="ListInsertRemoveLookupTest" time="0"/>
  <testcase name="emptySizeTest{int}[4]" classname="ListInsertRemoveLookupTest" time="0"/>
  <testcase name="emptySizeTest{int}[5]" classname="ListInsertRemoveLookupTest" time="0"/>
  <testcase name="emptySizeTest{int}[6]" classname="ListInsertRemoveLookupTest" time="0"/>
  <testcase name="emptySizeTest{int}[7]" classname="ListInsertRemoveLookupTest" time="0"/>
  <testcase name="emptySizeTest{int}[8]" classname="ListInsertRemoveLookupTest" time="0.001"/>
  <testcase name="emptySizeTest{int}[9]" classname="ListInsertRemoveLookupTest" time="0.002"/>
  <testcase name="emptySizeTest{int}[10]" classname="ListInsertRemoveLookupTest" time="0"/>
  <testcase name="emptySizeTest{int}[11]" classname="ListInsertRemoveLookupTest" time="0"/>
  <testcase name="emptySizeTest{int}[12]" classname="ListInsertRemoveLookupTest" time="0.004"/>
  <testcase name="removeInsertSizeTestNeg{int}[1]" classname="ListInsertRemoveLookupTest" time="0"/>
  <testcase name="removeInsertSizeTestNeg{int}[2]" classname="ListInsertRemoveLookupTest" time="0.002"/>
  <testcase name="removeInsertSizeTestNeg{int}[3]" classname="ListInsertRemoveLookupTest" time="0.001"/>
  <testcase name="removeInsertSizeTestNeg{int}[4]" classname="ListInsertRemoveLookupTest" time="0"/>
  <testcase name="removeInsertSizeTestNeg{int}[5]" classname="ListInsertRemoveLookupTest" time="0.001"/>
  <testcase name="removeInsertSizeTestNeg{int}[6]" classname="ListInsertRemoveLookupTest" time="0.001"/>
  <testcase name="removeInsertSizeTestNeg{int}[7]" classname="ListInsertRemoveLookupTest" time="0.001"/>
  <testcase name="removeInsertSizeTestNeg{int}[8]" classname="ListInsertRemoveLookupTest" time="0.001"/>
  <testcase name="removeInsertSizeTestNeg{int}[9]" classname="ListInsertRemoveLookupTest" time="0.002"/>
  <testcase name="removeInsertSizeTestNeg{int}[10]" classname="ListInsertRemoveLookupTest" time="0.077"/>
  <testcase name="removeInsertSizeTestNeg{int}[11]" classname="ListInsertRemoveLookupTest" time="0.027"/>
  <testcase name="removeInsertSizeTestNeg{int}[12]" classname="ListInsertRemoveLookupTest" time="0.09"/>
  <testcase name="removeInsertSizeTest{int}[1]" classname="ListInsertRemoveLookupTest" time="0"/>
  <testcase name="removeInsertSizeTest{int}[2]" classname="ListInsertRemoveLookupTest" time="0"/>
  <testcase name="removeInsertSizeTest{int}[3]" classname="ListInsertRemoveLookupTest" time="0"/>
  <testcase name="removeInsertSizeTest{int}[4]" classname="ListInsertRemoveLookupTest" time="0"/>
  <testcase name="removeInsertSizeTest{int}[5]" classname="ListInsertRemoveLookupTest" time="0"/>
  <testcase name="removeInsertSizeTest{int}[6]" classname="ListInsertRemoveLookupTest" time="0"/>
  <testcase name="removeInsertSizeTest{int}[7]" classname="ListInsertRemoveLookupTest" time="0"/>
  <testcase name="removeInsertSizeTest{int}[8]" classname="ListInsertRemoveLookupTest" time="0"/>
  <testcase name="removeInsertSizeTest{int}[9]" classname="ListInsertRemoveLookupTest" time="0"/>
  <testcase name="removeInsertSizeTest{int}[10]" classname="ListInsertRemoveLookupTest" time="0.015"/>
  <testcase name="removeInsertSizeTest{int}[11]" classname="ListInsertRemoveLookupTest" time="0.016"/>
  <testcase name="removeInsertSizeTest{int}[12]" classname="ListInsertRemoveLookupTest" time="0.212"/>
  <testcase name="removeLookup{int}[1]" classname="ListInsertRemoveLookupTest" time="0"/>
  <testcase name="removeLookup{int}[2]" classname="ListInsertRemoveLookupTest" time="0"/>
  <testcase name="removeLookup{int}[3]" classname="ListInsertRemoveLookupTest" time="0"/>
  <testcase name="removeLookup{int}[4]" classname="ListInsertRemoveLookupTest" time="0.001"/>
  <testcase name="removeLookup{int}[5]" classname="ListInsertRemoveLookupTest" time="0"/>
  <testcase name="removeLookup{int}[6]" classname="ListInsertRemoveLookupTest" time="0"/>
  <testcase name="removeLookup{int}[7]" classname="ListInsertRemoveLookupTest" time="0"/>
  <testcase name="removeLookup{int}[8]" classname="ListInsertRemoveLookupTest" time="0"/>
  <testcase name="removeLookup{int}[9]" classname="ListInsertRemoveLookupTest" time="0"/>
  <testcase name="removeLookup{int}[10]" classname="ListInsertRemoveLookupTest" time="0.014"/>
  <testcase name="removeLookup{int}[11]" classname="ListInsertRemoveLookupTest" time="0.012"/>
  <testcase name="removeLookup{int}[12]" classname="ListInsertRemoveLookupTest" time="0.076"/>
  <testcase name="removeLookupNeg{int}[1]" classname="ListInsertRemoveLookupTest" time="0.001"/>
  <testcase name="removeLookupNeg{int}[2]" classname="ListInsertRemoveLookupTest" time="0"/>
  <testcase name="removeLookupNeg{int}[3]" classname="ListInsertRemoveLookupTest" time="0.001"/>
  <testcase name="removeLookupNeg{int}[4]" classname="ListInsertRemoveLookupTest" time="0"/>
  <testcase name="removeLookupNeg{int}[5]" classname="ListInsertRemoveLookupTest" time="0.001"/>
  <testcase name="removeLookupNeg{int}[6]" classname="ListInsertRemoveLookupTest" time="0"/>
  <testcase name="removeLookupNeg{int}[7]" classname="ListInsertRemoveLookupTest" time="0"/>
  <testcase name="removeLookupNeg{int}[8]" classname="ListInsertRemoveLookupTest" time="0.001"/>
  <testcase name="removeLookupNeg{int}[9]" classname="ListInsertRemoveLookupTest" time="0"/>
  <testcase name="removeLookupNeg{int}[10]" classname="ListInsertRemoveLookupTest" time="0.014"/>
  <testcase name="removeLookupNeg{int}[11]" classname="ListInsertRemoveLookupTest" time="0.011"/>
  <testcase name="removeLookupNeg{int}[12]" classname="ListInsertRemoveLookupTest" time="0.072"/>
  <testcase name="removeSizeTest{int}[1]" classname="ListInsertRemoveLookupTest" time="0.001"/>
  <testcase name="removeSizeTest{int}[2]" classname="ListInsertRemoveLookupTest" time="0"/>
  <testcase name="removeSizeTest{int}[3]" classname="ListInsertRemoveLookupTest" time="0"/>
  <testcase name="removeSizeTest{int}[4]" classname="ListInsertRemoveLookupTest" time="0"/>
  <testcase name="removeSizeTest{int}[5]" classname="ListInsertRemoveLookupTest" time="0"/>
  <testcase name="removeSizeTest{int}[6]" classname="ListInsertRemoveLookupTest" time="0.001"/>
  <testcase name="removeSizeTest{int}[7]" classname="ListInsertRemoveLookupTest" time="0"/>
  <testcase name="removeSizeTest{int}[8]" classname="ListInsertRemoveLookupTest" time="0"/>
  <testcase name="removeSizeTest{int}[9]" classname="ListInsertRemoveLookupTest" time="0"/>
  <testcase name="removeSizeTest{int}[10]" classname="ListInsertRemoveLookupTest" time="0.012"/>
  <testcase name="removeSizeTest{int}[11]" classname="ListInsertRemoveLookupTest" time="0.011"/>
  <testcase name="removeSizeTest{int}[12]" classname="ListInsertRemoveLookupTest" time="0.088"/>
  <testcase name="lookupTestNeg{int}[1]" classname="ListInsertRemoveLookupTest" time="0"/>
  <testcase name="lookupTestNeg{int}[2]" classname="ListInsertRemoveLookupTest" time="0.001"/>
  <testcase name="lookupTestNeg{int}[3]" classname="ListInsertRemoveLookupTest" time="0"/>
  <testcase name="lookupTestNeg{int}[4]" classname="ListInsertRemoveLookupTest" time="0"/>
  <testcase name="lookupTestNeg{int}[5]" classname="ListInsertRemoveLookupTest" time="0"/>
  <testcase name="lookupTestNeg{int}[6]" classname="ListInsertRemoveLookupTest" time="0"/>
  <testcase name="lookupTestNeg{int}[7]" classname="ListInsertRemoveLookupTest" time="0"/>
  <testcase name="lookupTestNeg{int}[8]" classname="ListInsertRemoveLookupTest" time="0"/>
  <testcase name="lookupTestNeg{int}[9]" classname="ListInsertRemoveLookupTest" time="0"/>
  <testcase name="lookupTestNeg{int}[10]" classname="ListInsertRemoveLookupTest" time="0.008"/>
  <testcase name="lookupTestNeg{int}[11]" classname="ListInsertRemoveLookupTest" time="0.005"/>
  <testcase name="lookupTestNeg{int}[12]" classname="ListInsertRemoveLookupTest" time="0.02"/>
  <testcase name="removeAllTest{int}[1]" classname="ListInsertRemoveLookupTest" time="0"/>
  <testcase name="removeAllTest{int}[2]" classname="ListInsertRemoveLookupTest" time="0.001"/>
  <testcase name="removeAllTest{int}[3]" classname="ListInsertRemoveLookupTest" time="0"/>
  <testcase name="removeAllTest{int}[4]" classname="ListInsertRemoveLookupTest" time="0"/>
  <testcase name="removeAllTest{int}[5]" classname="ListInsertRemoveLookupTest" time="0.001"/>
  <testcase name="removeAllTest{int}[6]" classname="ListInsertRemoveLookupTest" time="0.001"/>
  <testcase name="removeAllTest{int}[7]" classname="ListInsertRemoveLookupTest" time="0"/>
  <testcase name="removeAllTest{int}[8]" classname="ListInsertRemoveLookupTest" time="0"/>
  <testcase name="removeAllTest{int}[9]" classname="ListInsertRemoveLookupTest" time="0"/>
  <testcase name="removeAllTest{int}[10]" classname="ListInsertRemoveLookupTest" time="0.025"/>
  <testcase name="removeAllTest{int}[11]" classname="ListInsertRemoveLookupTest" time="0.022"/>
  <testcase name="removeAllTest{int}[12]" classname="ListInsertRemoveLookupTest" time="0.131"/>
  <testcase name="removeSizeTestNeg{int}[1]" classname="ListInsertRemoveLookupTest" time="0"/>
  <testcase name="removeSizeTestNeg{int}[2]" classname="ListInsertRemoveLookupTest" time="0.001"/>
  <testcase name="removeSizeTestNeg{int}[3]" classname="ListInsertRemoveLookupTest" time="0"/>
  <testcase name="removeSizeTestNeg{int}[4]" classname="ListInsertRemoveLookupTest" time="0.003"/>
  <testcase name="removeSizeTestNeg{int}[5]" classname="ListInsertRemoveLookupTest" time="0"/>
  <testcase name="removeSizeTestNeg{int}[6]" classname="ListInsertRemoveLookupTest" time="0"/>
  <testcase name="removeSizeTestNeg{int}[7]" classname="ListInsertRemoveLookupTest" time="0"/>
  <testcase name="removeSizeTestNeg{int}[8]" classname="ListInsertRemoveLookupTest" time="0"/>
  <testcase name="removeSizeTestNeg{int}[9]" classname="ListInsertRemoveLookupTest" time="0"/>
  <testcase name="removeSizeTestNeg{int}[10]" classname="ListInsertRemoveLookupTest" time="0.016"/>
  <testcase name="removeSizeTestNeg{int}[11]" classname="ListInsertRemoveLookupTest" time="0.012"/>
  <testcase name="removeSizeTestNeg{int}[12]" classname="ListInsertRemoveLookupTest" time="0.097"/>
  <testcase name="lookupTest{int}[1]" classname="ListInsertRemoveLookupTest" time="0"/>
  <testcase name="lookupTest{int}[2]" classname="ListInsertRemoveLookupTest" time="0"/>
  <testcase name="lookupTest{int}[3]" classname="ListInsertRemoveLookupTest" time="0"/>
  <testcase name="lookupTest{int}[4]" classname="ListInsertRemoveLookupTest" time="0"/>
  <testcase name="lookupTest{int}[5]" classname="ListInsertRemoveLookupTest" time="0.001"/>
  <testcase name="lookupTest{int}[6]" classname="ListInsertRemoveLookupTest" time="0.001"/>
  <testcase name="lookupTest{int}[7]" classname="ListInsertRemoveLookupTest" time="0.001"/>
  <testcase name="lookupTest{int}[8]" classname="ListInsertRemoveLookupTest" time="0.001"/>
  <testcase name="lookupTest{int}[9]" classname="ListInsertRemoveLookupTest" time="0"/>
  <testcase name="lookupTest{int}[10]" classname="ListInsertRemoveLookupTest" time="0.009"/>
  <testcase name="lookupTest{int}[11]" classname="ListInsertRemoveLookupTest" time="0.009"/>
  <testcase name="lookupTest{int}[12]" classname="ListInsertRemoveLookupTest" time="0.032"/>
</testsuite>