<?xml version="1.0" encoding="UTF-8"?>
<testsuite xmlns:xsi="http://www.w3.org/2001/XMLSchema-instance" xsi:noNamespaceSchemaLocation="https://maven.apache.org/surefire/maven-surefire-plugin/xsd/surefire-test-report.xsd" name="ListLookupTest" time="0.484" tests="84" errors="0" skipped="0" failures="0">
  <properties>
[...]
</properties>
  <testcase name="lookupNotThrowTest{int}[1]" classname="ListLookupTest" time="0.036"/>
  <testcase name="lookupNotThrowTest{int}[2]" classname="ListLookupTest" time="0.001"/>
  <testcase name="lookupNotThrowTest{int}[3]" classname="ListLookupTest" time="0.001"/>
  <testcase name="lookupNotThrowTest{int}[4]" classname="ListLookupTest" time="0"/>
  <testcase name="lookupNotThrowTest{int}[5]" classname="ListLookupTest" time="0"/>
  <testcase name="lookupNotThrowTest{int}[6]" classname="ListLookupTest" time="0.002"/>
  <testcase name="lookupNotThrowTest{int}[7]" classname="ListLookupTest" time="0"/>
  <testcase name="lookupNotThrowTest{int}[8]" classname="ListLookupTest" time="0"/>
  <testcase name="lookupNotThrowTest{int}[9]" classname="ListLookupTest" time="0.001"/>
  <testcase name="lookupNotThrowTest{int}[10]" classname="ListLookupTest" time="0.026"/>
  <testcase name="lookupNotThrowTest{int}[11]" classname="ListLookupTest" time="0.005"/>
  <testcase name="lookupNotThrowTest{int}[12]" classname="ListLookupTest" time="0.013"/>
  <testcase name="lookupNotNullTest{int}[1]" classname="ListLookupTest" time="0.001"/>
  <testcase name="lookupNotNullTest{int}[2]" classname="ListLookupTest" time="0.001"/>
  <testcase name="lookupNotNullTest{int}[3]" classname="ListLookupTest" time="0.001"/>
  <testcase name="lookupNotNullTest{int}[4]" classname="ListLookupTest" time="0.001"/>
  <testcase name="lookupNotNullTest{int}[5]" classname="ListLookupTest" time="0.001"/>
  <testcase name="lookupNotNullTest{int}[6]" classname="ListLookupTest" time="0.001"/>
  <testcase name="lookupNotNullTest{int}[7]" classname="ListLookupTest" time="0.003"/>
  <testcase name="lookupNotNullTest{int}[8]" classname="ListLookupTest" time="0"/>
  <testcase name="lookupNotNullTest{int}[9]" classname="ListLookupTest" time="0.001"/>
  <testcase name="lookupNotNullTest{int}[10]" classname="ListLookupTest" time="0.005"/>
  <testcase name="lookupNotNullTest{int}[11]" classname="ListLookupTest" time="0.003"/>
  <testcase name="lookupNotNullTest{int}[12]" classname="ListLookupTest" time="0.017"/>
  <testcase name="lookupCorrectTest{int}[1]" classname="ListLookupTest" time="0.002"/>
  <testcase name="lookupCorrectTest{int}[2]" classname="ListLookupTest" time="0.001"/>
  <testcase name="lookupCorrectTest{int}[3]" classname="ListLookupTest" time="0"/>
  <testcase name="lookupCorrectTest{int}[4]" classname="ListLookupTest" time="0.003"/>
  <testcase name="lookupCorrectTest{int}[5]" classname="ListLookupTest" time="0"/>
  <testcase name="lookupCorrectTest{int}[6]" classname="ListLookupTest" time="0.001"/>
  <testcase name="lookupCorrectTest{int}[7]" classname="ListLookupTest" time="0"/>
  <testcase name="lookupCorrectTest{int}[8]" classname="ListLookupTest" time="0"/>
  <testcase name="lookupCorrectTest{int}[9]" classname="ListLookupTest" time="0.001"/>
  <testcase name="lookupCorrectTest{int}[10]" classname="ListLookupTest" time="0.01"/>
  <testcase name="lookupCorrectTest{int}[11]" classname="ListLookupTest" time="0.006"/>
  <testcase name="lookupCorrectTest{int}[12]" classname="ListLookupTest" time="0.023"/>
  <testcase name="lookupCorrectTestNeg{int}[1]" classname="ListLookupTest" time="0.001"/>
  <testcase name="lookupCorrectTestNeg{int}[2]" classname="ListLookupTest" time="0"/>
  <testcase name="lookupCorrectTestNeg{int}[3]" classname="ListLookupTest" time="0"/>
  <testcase name="lookupCorrectTestNeg{int}[4]" classname="ListLookupTest" time="0.001"/>
  <testcase name="lookupCorrectTestNeg{int}[5]" classname="ListLookupTest" time="0.001"/>
  <testcase name="lookupCorrectTestNeg{int}[6]" classname="ListLookupTest" time="0.001"/>
  <testcase name="lookupCorrectTestNeg{int}[7]" classname="ListLookupTest" time="0.003"/>
  <testcase name="lookupCorrectTestNeg{int}[8]" classname="ListLookupTest" time="0"/>
  <testcase name="lookupCorrectTestNeg{int}[9]" classname="ListLookupTest" time="0.002"/>
  <testcase name="lookupCorrectTestNeg{int}[10]" classname="ListLookupTest" time="0.007"/>
  <testcase name="lookupCorrectTestNeg{int}[11]" classname="ListLookupTest" time="0.007"/>
  <testcase name="lookupCorrectTestNeg{int}[12]" classname="ListLookupTest" time="0.023"/>
  <testcase name="lookupNullTest{int}[1]" classname="ListLookupTest" time="0.001"/>
  <testcase name="lookupNullTest{int}[2]" classname="ListLookupTest" time="0"/>
  <testcase name="lookupNullTest{int}[3]" classname="ListLookupTest" time="0.003"/>
  <testcase name="lookupNullTest{int}[4]" classname="ListLookupTest" time="0.002"/>
  <testcase name="lookupNullTest{int}[5]" classname="ListLookupTest" time="0.001"/>
  <testcase name="lookupNullTest{int}[6]" classname="ListLookupTest" time="0.001"/>
  <testcase name="lookupNullTest{int}[7]" classname="ListLookupTest" time="0.001"/>
  <testcase name="lookupNullTest{int}[8]" classname="ListLookupTest" time="0.001"/>
  <testcase name="lookupNullTest{int}[9]" classname="ListLookupTest" time="0.001"/>
  <testcase name="lookupNullTest{int}[10]" classname="ListLookupTest" time="0.005"/>
  <testcase name="lookupNullTest{int}[11]" classname="ListLookupTest" time="0.008"/>
  <testcase name="lookupNullTest{int}[12]" classname="ListLookupTest" time="0.021"/>
  <testcase name="lookupNotNullTestNeg{int}[1]" classname="ListLookupTest" time="0.001"/>
  <testcase name="lookupNotNullTestNeg{int}[2]" classname="ListLookupTest" time="0.005"/>
  <testcase name="lookupNotNullTestNeg{int}[3]" classname="ListLookupTest" time="0"/>
  <testcase name="lookupNotNullTestNeg{int}[4]" classname="ListLookupTest" time="0.002"/>
  <testcase name="lookupNotNullTestNeg{int}[5]" classname="ListLookupTest" time="0.003"/>
  <testcase name="lookupNotNullTestNeg{int}[6]" classname="ListLookupTest" time="0.002"/>
  <testcase name="lookupNotNullTestNeg{int}[7]" classname="ListLookupTest" time="0.001"/>
  <testcase name="lookupNotNullTestNeg{int}[8]" classname="ListLookupTest" time="0"/>
  <testcase name="lookupNotNullTestNeg{int}[9]" classname="ListLookupTest" time="0"/>
  <testcase name="lookupNotNullTestNeg{int}[10]" classname="ListLookupTest" time="0.004"/>
  <testcase name="lookupNotNullTestNeg{int}[11]" classname="ListLookupTest" time="0.006"/>
  <testcase name="lookupNotNullTestNeg{int}[12]" classname="ListLookupTest" time="0.013"/>
  <testcase name="lookupNotThrowTestNeg{int}[1]" classname="ListLookupTest" time="0.002"/>
  <testcase name="lookupNotThrowTestNeg{int}[2]" classname="ListLookupTest" time="0"/>
  <testcase name="lookupNotThrowTestNeg{int}[3]" classname="ListLookupTest" time="0.001"/>
  <testcase name="lookupNotThrowTestNeg{int}[4]" classname="ListLookupTest" time="0"/>
  <testcase name="lookupNotThrowTestNeg{int}[5]" classname="ListLookupTest" time="0.003"/>
  <testcase name="lookupNotThrowTestNeg{int}[6]" classname="ListLookupTest" time="0.001"/>
  <testcase name="lookupNotThrowTestNeg{int}[7]" classname="ListLookupTest" time="0.001"/>
  <testcase name="lookupNotThrowTestNeg{int}[8]" classname="ListLookupTest" time="0.002"/>
  <testcase name="lookupNotThrowTestNeg{int}[9]" classname="ListLookupTest" time="0"/>
  <testcase name="lookupNotThrowTestNeg{int}[10]" classname="ListLookupTest" time="0.007"/>
  <testcase name="lookupNotThrowTestNeg{int}[11]" classname="ListLookupTest" time="0.014"/>
  <testcase name="lookupNotThrowTestNeg{int}[12]" classname="ListLookupTest" time="0.025"/>
</testsuite>